<?xml version="1.0" encoding="UTF-8"?>
<!-- Generated by org.testng.reporters.JUnitXMLReporter -->
<testsuite hostname="Mohammads-MacBook-Air.local" ignored="14" name="grouping" tests="2" failures="2" timestamp="20 Jan 2020 18:01:34 GMT" time="0.238" errors="0">
  <testcase name="testFindADoctor2" time="0.152" classname="org.mountsinai.qa.tests.LearningSeleniumMethodsTest">
    <failure type="java.lang.NullPointerException">
      <![CDATA[java.lang.NullPointerException
at org.mountsinai.qa.tests.LearningSeleniumMethodsTest.testFindADoctor2(LearningSeleniumMethodsTest.java:236)
at sun.reflect.NativeMethodAccessorImpl.invoke0(Native Method)
at sun.reflect.NativeMethodAccessorImpl.invoke(NativeMethodAccessorImpl.java:62)
at sun.reflect.DelegatingMethodAccessorImpl.invoke(DelegatingMethodAccessorImpl.java:43)
at java.lang.reflect.Method.invoke(Method.java:498)
at org.testng.internal.MethodInvocationHelper.invokeMethod(MethodInvocationHelper.java:124)
at org.testng.internal.Invoker.invokeMethod(Invoker.java:583)
at org.testng.internal.Invoker.invokeTestMethod(Invoker.java:719)
at org.testng.internal.Invoker.invokeTestMethods(Invoker.java:989)
at org.testng.internal.TestMethodWorker.invokeTestMethods(TestMethodWorker.java:125)
at org.testng.internal.TestMethodWorker.run(TestMethodWorker.java:109)
at org.testng.TestRunner.privateRun(TestRunner.java:648)
at org.testng.TestRunner.run(TestRunner.java:505)
at org.testng.SuiteRunner.runTest(SuiteRunner.java:455)
at org.testng.SuiteRunner.runSequentially(SuiteRunner.java:450)
at org.testng.SuiteRunner.privateRun(SuiteRunner.java:415)
at org.testng.SuiteRunner.run(SuiteRunner.java:364)
at org.testng.SuiteRunnerWorker.runSuite(SuiteRunnerWorker.java:52)
at org.testng.SuiteRunnerWorker.run(SuiteRunnerWorker.java:84)
at org.testng.TestNG.runSuitesSequentially(TestNG.java:1208)
at org.testng.TestNG.runSuitesLocally(TestNG.java:1137)
at org.testng.TestNG.runSuites(TestNG.java:1049)
at org.testng.TestNG.run(TestNG.java:1017)
at org.testng.remote.AbstractRemoteTestNG.run(AbstractRemoteTestNG.java:115)
at org.testng.remote.RemoteTestNG.initAndRun(RemoteTestNG.java:251)
at org.testng.remote.RemoteTestNG.main(RemoteTestNG.java:77)
]]>
    </failure>
  </testcase> <!-- testFindADoctor2 -->
  <testcase name="testFindADoctor2" time="0.195" classname="org.mountsinai.qa.tests.LearningSeleniumMethodsTest">
    <failure type="java.lang.NullPointerException">
      <![CDATA[java.lang.NullPointerException
at org.mountsinai.qa.test.base.BasePage.getScreenshot(BasePage.java:98)
at org.mountsinai.qa.test.listeners.ExtentReportListener.onTestFailure(ExtentReportListener.java:97)
at org.testng.internal.TestListenerHelper.runTestListeners(TestListenerHelper.java:67)
at org.testng.internal.Invoker.runTestListeners(Invoker.java:1389)
at org.testng.internal.Invoker.invokeMethod(Invoker.java:636)
at org.testng.internal.Invoker.invokeTestMethod(Invoker.java:719)
at org.testng.internal.Invoker.invokeTestMethods(Invoker.java:989)
at org.testng.internal.TestMethodWorker.invokeTestMethods(TestMethodWorker.java:125)
at org.testng.internal.TestMethodWorker.run(TestMethodWorker.java:109)
at org.testng.TestRunner.privateRun(TestRunner.java:648)
at org.testng.TestRunner.run(TestRunner.java:505)
at org.testng.SuiteRunner.runTest(SuiteRunner.java:455)
at org.testng.SuiteRunner.runSequentially(SuiteRunner.java:450)
at org.testng.SuiteRunner.privateRun(SuiteRunner.java:415)
at org.testng.SuiteRunner.run(SuiteRunner.java:364)
at org.testng.SuiteRunnerWorker.runSuite(SuiteRunnerWorker.java:52)
at org.testng.SuiteRunnerWorker.run(SuiteRunnerWorker.java:84)
at org.testng.TestNG.runSuitesSequentially(TestNG.java:1208)
at org.testng.TestNG.runSuitesLocally(TestNG.java:1137)
at org.testng.TestNG.runSuites(TestNG.java:1049)
at org.testng.TestNG.run(TestNG.java:1017)
at org.testng.remote.AbstractRemoteTestNG.run(AbstractRemoteTestNG.java:115)
at org.testng.remote.RemoteTestNG.initAndRun(RemoteTestNG.java:251)
at org.testng.remote.RemoteTestNG.main(RemoteTestNG.java:77)
]]>
    </failure>
  </testcase> <!-- testFindADoctor2 -->
  <testcase name="testHomePageTitle" time="0.0" classname="org.mountsinai.qa.tests.LearningSeleniumMethodsTest">
    <ignored/>
  </testcase> <!-- testHomePageTitle -->
  <testcase name="testCaptionOfSymbolOfEmployees" time="0.0" classname="org.mountsinai.qa.tests.LearningSeleniumMethodsTest">
    <ignored/>
  </testcase> <!-- testCaptionOfSymbolOfEmployees -->
  <testcase name="testBlogInFaceBook" time="0.0" classname="org.mountsinai.qa.tests.LearningSeleniumMethodsTest">
    <ignored/>
  </testcase> <!-- testBlogInFaceBook -->
  <testcase name="testDescriptionUrgentCare" time="0.0" classname="org.mountsinai.qa.tests.LearningSeleniumMethodsTest">
    <ignored/>
  </testcase> <!-- testDescriptionUrgentCare -->
  <testcase name="testSymbolOfEmployees" time="0.0" classname="org.mountsinai.qa.tests.LearningSeleniumMethodsTest">
    <ignored/>
  </testcase> <!-- testSymbolOfEmployees -->
  <testcase name="testDescriptionSameDay" time="0.0" classname="org.mountsinai.qa.tests.LearningSeleniumMethodsTest">
    <ignored/>
  </testcase> <!-- testDescriptionSameDay -->
  <testcase name="testBlogInLinkedIn" time="0.0" classname="org.mountsinai.qa.tests.LearningSeleniumMethodsTest">
    <ignored/>
  </testcase> <!-- testBlogInLinkedIn -->
  <testcase name="testOver42000Employees" time="0.0" classname="org.mountsinai.qa.tests.LearningSeleniumMethodsTest">
    <ignored/>
  </testcase> <!-- testOver42000Employees -->
  <testcase name="testBlogInTwitter" time="0.0" classname="org.mountsinai.qa.tests.LearningSeleniumMethodsTest">
    <ignored/>
  </testcase> <!-- testBlogInTwitter -->
  <testcase name="testInsideMountSinaiBlog" time="0.0" classname="org.mountsinai.qa.tests.LearningSeleniumMethodsTest">
    <ignored/>
  </testcase> <!-- testInsideMountSinaiBlog -->
  <testcase name="testBlogInInstagram" time="0.0" classname="org.mountsinai.qa.tests.LearningSeleniumMethodsTest">
    <ignored/>
  </testcase> <!-- testBlogInInstagram -->
  <testcase name="testBlogInPinterest" time="0.0" classname="org.mountsinai.qa.tests.LearningSeleniumMethodsTest">
    <ignored/>
  </testcase> <!-- testBlogInPinterest -->
  <testcase name="testBlogInYouTube" time="0.0" classname="org.mountsinai.qa.tests.LearningSeleniumMethodsTest">
    <ignored/>
  </testcase> <!-- testBlogInYouTube -->
  <testcase name="testSameDay" time="0.0" classname="org.mountsinai.qa.tests.LearningSeleniumMethodsTest">
    <ignored/>
  </testcase> <!-- testSameDay -->
</testsuite> <!-- grouping -->
